<?xml version="1.0" encoding="UTF-8"?>
<!-- Generated by org.testng.reporters.JUnitReportReporter -->
<testsuite hostname="DESKTOP-1CCS179" failures="0" tests="1" name="ai.ds.testlayer.Sample" time="0.006" errors="0" timestamp="2022-12-08T09:46:50 IST" skipped="0">
  <testcase classname="ai.ds.testlayer.Sample" name="test" time="0.006"/>
  <system-out/>
</testsuite> <!-- ai.ds.testlayer.Sample -->
